# JRE version: OpenJDK Runtime Environment (8.0_112-b06) (build 1.8.0_112-release-b06)
# Java VM: OpenJDK 64-Bit Server VM (25.112-b06 mixed mode windows-amd64 compressed oops)
Heap:
 PSYoungGen      total 123392K, used 29005K [0x00000000e0000000, 0x00000000e9800000, 0x0000000100000000)
  eden space 119808K, 21% used [0x00000000e0000000,0x00000000e18eb590,0x00000000e7500000)
  from space 3584K, 97% used [0x00000000e7800000,0x00000000e7b68020,0x00000000e7b80000)
  to   space 17920K, 0% used [0x00000000e8680000,0x00000000e8680000,0x00000000e9800000)
 ParOldGen       total 205824K, used 132194K [0x00000000a0000000, 0x00000000ac900000, 0x00000000e0000000)
  object space 205824K, 64% used [0x00000000a0000000,0x00000000a8118998,0x00000000ac900000)
 Metaspace       used 89461K, capacity 100612K, committed 100760K, reserved 1138688K
  class space    used 11256K, capacity 12337K, committed 12456K, reserved 1048576K
GC Heap History (10 events):
Event: 11881.106 GC heap before
{Heap before GC invocations=158 (full 5):
 PSYoungGen      total 133120K, used 131052K [0x00000000e0000000, 0x00000000e9880000, 0x0000000100000000)
  eden space 115200K, 100% used [0x00000000e0000000,0x00000000e7080000,0x00000000e7080000)
  from space 17920K, 88% used [0x00000000e8380000,0x00000000e92fb120,0x00000000e9500000)
  to   space 19456K, 0% used [0x00000000e7080000,0x00000000e7080000,0x00000000e8380000)
 ParOldGen       total 205824K, used 130862K [0x00000000a0000000, 0x00000000ac900000, 0x00000000e0000000)
  object space 205824K, 63% used [0x00000000a0000000,0x00000000a7fcb908,0x00000000ac900000)
 Metaspace       used 89138K, capacity 99986K, committed 100120K, reserved 1136640K
  class space    used 11198K, capacity 12280K, committed 12328K, reserved 1048576K
Event: 11881.113 GC heap after
Heap after GC invocations=158 (full 5):
 PSYoungGen      total 134656K, used 7264K [0x00000000e0000000, 0x00000000ea500000, 0x0000000100000000)
  eden space 115200K, 0% used [0x00000000e0000000,0x00000000e0000000,0x00000000e7080000)
  from space 19456K, 37% used [0x00000000e7080000,0x00000000e7798348,0x00000000e8380000)
  to   space 18944K, 0% used [0x00000000e9280000,0x00000000e9280000,0x00000000ea500000)
 ParOldGen       total 205824K, used 131386K [0x00000000a0000000, 0x00000000ac900000, 0x00000000e0000000)
  object space 205824K, 63% used [0x00000000a0000000,0x00000000a804e978,0x00000000ac900000)
 Metaspace       used 89138K, capacity 99986K, committed 100120K, reserved 1136640K
  class space    used 11198K, capacity 12280K, committed 12328K, reserved 1048576K
}
Event: 11971.220 GC heap before
{Heap before GC invocations=159 (full 5):
 PSYoungGen      total 134656K, used 122464K [0x00000000e0000000, 0x00000000ea500000, 0x0000000100000000)
  eden space 115200K, 100% used [0x00000000e0000000,0x00000000e7080000,0x00000000e7080000)
  from space 19456K, 37% used [0x00000000e7080000,0x00000000e7798348,0x00000000e8380000)
  to   space 18944K, 0% used [0x00000000e9280000,0x00000000e9280000,0x00000000ea500000)
 ParOldGen       total 205824K, used 131386K [0x00000000a0000000, 0x00000000ac900000, 0x00000000e0000000)
  object space 205824K, 63% used [0x00000000a0000000,0x00000000a804e978,0x00000000ac900000)
 Metaspace       used 89223K, capacity 100168K, committed 100376K, reserved 1136640K
  class space    used 11215K, capacity 12297K, committed 12328K, reserved 1048576K
Event: 11971.225 GC heap after
Heap after GC invocations=159 (full 5):
 PSYoungGen      total 146944K, used 2752K [0x00000000e0000000, 0x00000000ea380000, 0x0000000100000000)
  eden space 129536K, 0% used [0x00000000e0000000,0x00000000e0000000,0x00000000e7e80000)
  from space 17408K, 15% used [0x00000000e9280000,0x00000000e9530020,0x00000000ea380000)
  to   space 18944K, 0% used [0x00000000e7e80000,0x00000000e7e80000,0x00000000e9100000)
 ParOldGen       total 205824K, used 131610K [0x00000000a0000000, 0x00000000ac900000, 0x00000000e0000000)
  object space 205824K, 63% used [0x00000000a0000000,0x00000000a8086978,0x00000000ac900000)
 Metaspace       used 89223K, capacity 100168K, committed 100376K, reserved 1136640K
  class space    used 11215K, capacity 12297K, committed 12328K, reserved 1048576K
}
Event: 12000.695 GC heap before
{Heap before GC invocations=160 (full 5):
 PSYoungGen      total 146944K, used 132288K [0x00000000e0000000, 0x00000000ea380000, 0x0000000100000000)
  eden space 129536K, 100% used [0x00000000e0000000,0x00000000e7e80000,0x00000000e7e80000)
  from space 17408K, 15% used [0x00000000e9280000,0x00000000e9530020,0x00000000ea380000)
  to   space 18944K, 0% used [0x00000000e7e80000,0x00000000e7e80000,0x00000000e9100000)
 ParOldGen       total 205824K, used 131610K [0x00000000a0000000, 0x00000000ac900000, 0x00000000e0000000)
  object space 205824K, 63% used [0x00000000a0000000,0x00000000a8086978,0x00000000ac900000)
 Metaspace       used 89302K, capacity 100348K, committed 100376K, reserved 1136640K
  class space    used 11231K, capacity 12313K, committed 12328K, reserved 1048576K
Event: 12000.700 GC heap after
Heap after GC invocations=160 (full 5):
 PSYoungGen      total 128512K, used 2512K [0x00000000e0000000, 0x00000000ea000000, 0x0000000100000000)
  eden space 125952K, 0% used [0x00000000e0000000,0x00000000e0000000,0x00000000e7b00000)
  from space 2560K, 98% used [0x00000000e7e80000,0x00000000e80f4030,0x00000000e8100000)
  to   space 18944K, 0% used [0x00000000e8d80000,0x00000000e8d80000,0x00000000ea000000)
 ParOldGen       total 205824K, used 131690K [0x00000000a0000000, 0x00000000ac900000, 0x00000000e0000000)
  object space 205824K, 63% used [0x00000000a0000000,0x00000000a809a978,0x00000000ac900000)
 Metaspace       used 89302K, capacity 100348K, committed 100376K, reserved 1136640K
  class space    used 11231K, capacity 12313K, committed 12328K, reserved 1048576K
}
Event: 12023.110 GC heap before
{Heap before GC invocations=161 (full 5):
 PSYoungGen      total 128512K, used 128464K [0x00000000e0000000, 0x00000000ea000000, 0x0000000100000000)
  eden space 125952K, 100% used [0x00000000e0000000,0x00000000e7b00000,0x00000000e7b00000)
  from space 2560K, 98% used [0x00000000e7e80000,0x00000000e80f4030,0x00000000e8100000)
  to   space 18944K, 0% used [0x00000000e8d80000,0x00000000e8d80000,0x00000000ea000000)
 ParOldGen       total 205824K, used 131690K [0x00000000a0000000, 0x00000000ac900000, 0x00000000e0000000)
  object space 205824K, 63% used [0x00000000a0000000,0x00000000a809a978,0x00000000ac900000)
 Metaspace       used 89393K, capacity 100436K, committed 100632K, reserved 1138688K
  class space    used 11240K, capacity 12321K, committed 12328K, reserved 1048576K
Event: 12023.116 GC heap after
Heap after GC invocations=161 (full 5):
 PSYoungGen      total 137728K, used 5536K [0x00000000e0000000, 0x00000000e9c00000, 0x0000000100000000)
  eden space 122880K, 0% used [0x00000000e0000000,0x00000000e0000000,0x00000000e7800000)
  from space 14848K, 37% used [0x00000000e8d80000,0x00000000e92e8020,0x00000000e9c00000)
  to   space 18432K, 0% used [0x00000000e7800000,0x00000000e7800000,0x00000000e8a00000)
 ParOldGen       total 205824K, used 132194K [0x00000000a0000000, 0x00000000ac900000, 0x00000000e0000000)
  object space 205824K, 64% used [0x00000000a0000000,0x00000000a8118998,0x00000000ac900000)
 Metaspace       used 89393K, capacity 100436K, committed 100632K, reserved 1138688K
  class space    used 11240K, capacity 12321K, committed 12328K, reserved 1048576K
}
Event: 12072.171 GC heap before
{Heap before GC invocations=162 (full 5):
 PSYoungGen      total 137728K, used 128416K [0x00000000e0000000, 0x00000000e9c00000, 0x0000000100000000)
  eden space 122880K, 100% used [0x00000000e0000000,0x00000000e7800000,0x00000000e7800000)
  from space 14848K, 37% used [0x00000000e8d80000,0x00000000e92e8020,0x00000000e9c00000)
  to   space 18432K, 0% used [0x00000000e7800000,0x00000000e7800000,0x00000000e8a00000)
 ParOldGen       total 205824K, used 132194K [0x00000000a0000000, 0x00000000ac900000, 0x00000000e0000000)
  object space 205824K, 64% used [0x00000000a0000000,0x00000000a8118998,0x00000000ac900000)
 Metaspace       used 89459K, capacity 100612K, committed 100760K, reserved 1138688K
  class space    used 11256K, capacity 12337K, committed 12456K, reserved 1048576K
Event: 12072.176 GC heap after
Heap after GC invocations=162 (full 5):
 PSYoungGen      total 123392K, used 3488K [0x00000000e0000000, 0x00000000e9800000, 0x0000000100000000)
  eden space 119808K, 0% used [0x00000000e0000000,0x00000000e0000000,0x00000000e7500000)
  from space 3584K, 97% used [0x00000000e7800000,0x00000000e7b68020,0x00000000e7b80000)
  to   space 17920K, 0% used [0x00000000e8680000,0x00000000e8680000,0x00000000e9800000)
 ParOldGen       total 205824K, used 132194K [0x00000000a0000000, 0x00000000ac900000, 0x00000000e0000000)
  object space 205824K, 64% used [0x00000000a0000000,0x00000000a8118998,0x00000000ac900000)
 Metaspace       used 89459K, capacity 100612K, committed 100760K, reserved 1138688K
  class space    used 11256K, capacity 12337K, committed 12456K, reserved 1048576K
}

